<?xml version="1.0" encoding="UTF-8"?>
<!-- Generated by org.testng.reporters.JUnitXMLReporter -->
<testsuite ignored="0" hostname="LAPTOP-8263G67P" failures="0" tests="3" name="Test" time="30.229" errors="0" timestamp="2022-03-06T15:19:33 IST">
  <testcase classname="com.qa.testLayer.HomePageTestClass" name="TestCase1" time="0.346"/>
  <testcase classname="com.qa.testLayer.LogInPageTest" name="LoginFunctionality" time="2.393"/>
  <testcase classname="com.qa.testLayer.ProductPageTest" name="verification" time="0.113"/>
</testsuite> <!-- Test -->
