<?xml version="1.0" encoding="UTF-8"?>
<testng-results ignored="0" total="3" passed="3" failed="0" skipped="0">
  <reporter-output>
  </reporter-output>
  <suite started-at="2022-03-06T15:19:03 IST" name="Suite" finished-at="2022-03-06T15:19:33 IST" duration-ms="30229">
    <groups>
    </groups>
    <test started-at="2022-03-06T15:19:03 IST" name="Test" finished-at="2022-03-06T15:19:33 IST" duration-ms="30229">
      <class name="com.qa.testLayer.HomePageTestClass">
        <test-method is-config="true" signature="driverProperties(java.lang.String)[pri:0, instance:com.qa.testLayer.HomePageTestClass@61862a7f]" started-at="2022-03-06T15:19:03 IST" name="driverProperties" finished-at="2022-03-06T15:19:13 IST" duration-ms="9771" status="PASS">
          <params>
            <param index="0">
              <value>
                <![CDATA[chrome]]>
              </value>
            </param>
          </params>
          <reporter-output>
          </reporter-output>
        </test-method> <!-- driverProperties -->
        <test-method signature="TestCase1()[pri:0, instance:com.qa.testLayer.HomePageTestClass@61862a7f]" started-at="2022-03-06T15:19:13 IST" name="TestCase1" finished-at="2022-03-06T15:19:13 IST" duration-ms="346" status="PASS">
          <reporter-output>
          </reporter-output>
        </test-method> <!-- TestCase1 -->
        <test-method is-config="true" signature="closeBrowser()[pri:0, instance:com.qa.testLayer.HomePageTestClass@61862a7f]" started-at="2022-03-06T15:19:13 IST" name="closeBrowser" finished-at="2022-03-06T15:19:14 IST" duration-ms="613" status="PASS">
          <reporter-output>
          </reporter-output>
        </test-method> <!-- closeBrowser -->
      </class> <!-- com.qa.testLayer.HomePageTestClass -->
      <class name="com.qa.testLayer.ProductPageTest">
        <test-method is-config="true" signature="driverProperties(java.lang.String)[pri:0, instance:com.qa.testLayer.ProductPageTest@245b4bdc]" started-at="2022-03-06T15:19:24 IST" name="driverProperties" finished-at="2022-03-06T15:19:32 IST" duration-ms="7487" status="PASS">
          <params>
            <param index="0">
              <value>
                <![CDATA[chrome]]>
              </value>
            </param>
          </params>
          <reporter-output>
          </reporter-output>
        </test-method> <!-- driverProperties -->
        <test-method signature="verification()[pri:0, instance:com.qa.testLayer.ProductPageTest@245b4bdc]" started-at="2022-03-06T15:19:32 IST" name="verification" finished-at="2022-03-06T15:19:32 IST" duration-ms="113" status="PASS">
          <reporter-output>
          </reporter-output>
        </test-method> <!-- verification -->
        <test-method is-config="true" signature="closeBrowser()[pri:0, instance:com.qa.testLayer.ProductPageTest@245b4bdc]" started-at="2022-03-06T15:19:32 IST" name="closeBrowser" finished-at="2022-03-06T15:19:33 IST" duration-ms="1362" status="PASS">
          <reporter-output>
          </reporter-output>
        </test-method> <!-- closeBrowser -->
      </class> <!-- com.qa.testLayer.ProductPageTest -->
      <class name="com.qa.testLayer.LogInPageTest">
        <test-method is-config="true" signature="driverProperties(java.lang.String)[pri:0, instance:com.qa.testLayer.LogInPageTest@dd8ba08]" started-at="2022-03-06T15:19:14 IST" name="driverProperties" finished-at="2022-03-06T15:19:21 IST" duration-ms="7471" status="PASS">
          <params>
            <param index="0">
              <value>
                <![CDATA[chrome]]>
              </value>
            </param>
          </params>
          <reporter-output>
          </reporter-output>
        </test-method> <!-- driverProperties -->
        <test-method signature="LoginFunctionality()[pri:0, instance:com.qa.testLayer.LogInPageTest@dd8ba08]" started-at="2022-03-06T15:19:21 IST" name="LoginFunctionality" finished-at="2022-03-06T15:19:24 IST" duration-ms="2393" status="PASS">
          <reporter-output>
          </reporter-output>
        </test-method> <!-- LoginFunctionality -->
        <test-method is-config="true" signature="closeBrowser()[pri:0, instance:com.qa.testLayer.LogInPageTest@dd8ba08]" started-at="2022-03-06T15:19:24 IST" name="closeBrowser" finished-at="2022-03-06T15:19:24 IST" duration-ms="599" status="PASS">
          <reporter-output>
          </reporter-output>
        </test-method> <!-- closeBrowser -->
      </class> <!-- com.qa.testLayer.LogInPageTest -->
    </test> <!-- Test -->
  </suite> <!-- Suite -->
</testng-results>
