<?xml version="1.0" encoding="UTF-8"?>
<testng-results ignored="0" total="1" passed="1" failed="0" skipped="0">
  <reporter-output>
  </reporter-output>
  <suite started-at="2022-03-06T13:23:08 IST" name="Suite" finished-at="2022-03-06T13:23:25 IST" duration-ms="16310">
    <groups>
    </groups>
    <test started-at="2022-03-06T13:23:08 IST" name="Test" finished-at="2022-03-06T13:23:25 IST" duration-ms="16310">
      <class name="com.qa.testLayer.HomePageTestClass">
        <test-method is-config="true" signature="driverProperties(java.lang.String)[pri:0, instance:com.qa.testLayer.HomePageTestClass@123ef382]" started-at="2022-03-06T13:23:08 IST" name="driverProperties" finished-at="2022-03-06T13:23:22 IST" duration-ms="13256" status="PASS">
          <params>
            <param index="0">
              <value>
                <![CDATA[chrome]]>
              </value>
            </param>
          </params>
          <reporter-output>
          </reporter-output>
        </test-method> <!-- driverProperties -->
        <test-method signature="TestCase1()[pri:0, instance:com.qa.testLayer.HomePageTestClass@123ef382]" started-at="2022-03-06T13:23:22 IST" name="TestCase1" finished-at="2022-03-06T13:23:24 IST" duration-ms="2681" status="PASS">
          <reporter-output>
          </reporter-output>
        </test-method> <!-- TestCase1 -->
        <test-method is-config="true" signature="closeBrowser()[pri:0, instance:com.qa.testLayer.HomePageTestClass@123ef382]" started-at="2022-03-06T13:23:24 IST" name="closeBrowser" finished-at="2022-03-06T13:23:25 IST" duration-ms="333" status="PASS">
          <reporter-output>
          </reporter-output>
        </test-method> <!-- closeBrowser -->
      </class> <!-- com.qa.testLayer.HomePageTestClass -->
    </test> <!-- Test -->
  </suite> <!-- Suite -->
</testng-results>
